<?xml version="1.0" encoding="UTF-8"?>
<robot generator="Robot 4.0 (Python 3.8.5 on darwin)" generated="20210323 14:49:56.870" rpa="false" schemaversion="2">
<suite id="s1" name="QuickStart" source="/Users/jiangjiang/code/python/QuickStartGuide/QuickStart.rst">
<kw name="Clear login database" type="SETUP">
<kw name="Remove File" library="OperatingSystem">
<arg>${DATABASE FILE}</arg>
<doc>Removes a file with the given path.</doc>
<msg timestamp="20210323 14:49:56.894" level="INFO" html="true">File '&lt;a href="file:///var/folders/gq/nlp0tvls2h11mbk47fq00vsr0000gn/T/robotframework-quickstart-db.txt"&gt;/var/folders/gq/nlp0tvls2h11mbk47fq00vsr0000gn/T/robotframework-quickstart-db.txt&lt;/a&gt;' does not exist.</msg>
<status status="PASS" starttime="20210323 14:49:56.893" endtime="20210323 14:49:56.894"/>
</kw>
<status status="PASS" starttime="20210323 14:49:56.893" endtime="20210323 14:49:56.894"/>
</kw>
<test id="s1-t1" name="User can create an account and log in">
<kw name="Create valid user">
<arg>fred</arg>
<arg>P4ssw0rd</arg>
<kw name="Create User" library="LoginLibrary">
<arg>${username}</arg>
<arg>${password}</arg>
<status status="PASS" starttime="20210323 14:49:56.894" endtime="20210323 14:49:56.936"/>
</kw>
<kw name="Status Should Be" library="LoginLibrary">
<arg>SUCCESS</arg>
<status status="PASS" starttime="20210323 14:49:56.936" endtime="20210323 14:49:56.937"/>
</kw>
<status status="PASS" starttime="20210323 14:49:56.894" endtime="20210323 14:49:56.937"/>
</kw>
<kw name="Attempt To Login With Credentials" library="LoginLibrary">
<arg>fred</arg>
<arg>P4ssw0rd</arg>
<status status="PASS" starttime="20210323 14:49:56.937" endtime="20210323 14:49:56.976"/>
</kw>
<kw name="Status Should Be" library="LoginLibrary">
<arg>Logged In</arg>
<status status="PASS" starttime="20210323 14:49:56.977" endtime="20210323 14:49:56.977"/>
</kw>
<kw name="Clear login database" type="TEARDOWN">
<kw name="Remove File" library="OperatingSystem">
<arg>${DATABASE FILE}</arg>
<doc>Removes a file with the given path.</doc>
<msg timestamp="20210323 14:49:56.978" level="INFO" html="true">Removed file '&lt;a href="file:///var/folders/gq/nlp0tvls2h11mbk47fq00vsr0000gn/T/robotframework-quickstart-db.txt"&gt;/var/folders/gq/nlp0tvls2h11mbk47fq00vsr0000gn/T/robotframework-quickstart-db.txt&lt;/a&gt;'.</msg>
<status status="PASS" starttime="20210323 14:49:56.978" endtime="20210323 14:49:56.978"/>
</kw>
<status status="PASS" starttime="20210323 14:49:56.977" endtime="20210323 14:49:56.978"/>
</kw>
<tag>example</tag>
<tag>quickstart</tag>
<tag>smoke</tag>
<status status="PASS" starttime="20210323 14:49:56.894" endtime="20210323 14:49:56.978"/>
</test>
<test id="s1-t2" name="User cannot log in with bad password">
<kw name="Create valid user">
<arg>betty</arg>
<arg>P4ssw0rd</arg>
<kw name="Create User" library="LoginLibrary">
<arg>${username}</arg>
<arg>${password}</arg>
<status status="PASS" starttime="20210323 14:49:56.979" endtime="20210323 14:49:57.020"/>
</kw>
<kw name="Status Should Be" library="LoginLibrary">
<arg>SUCCESS</arg>
<status status="PASS" starttime="20210323 14:49:57.020" endtime="20210323 14:49:57.020"/>
</kw>
<status status="PASS" starttime="20210323 14:49:56.979" endtime="20210323 14:49:57.020"/>
</kw>
<kw name="Attempt To Login With Credentials" library="LoginLibrary">
<arg>betty</arg>
<arg>wrong</arg>
<status status="PASS" starttime="20210323 14:49:57.020" endtime="20210323 14:49:57.061"/>
</kw>
<kw name="Status Should Be" library="LoginLibrary">
<arg>Access Denied</arg>
<status status="PASS" starttime="20210323 14:49:57.062" endtime="20210323 14:49:57.062"/>
</kw>
<kw name="Clear login database" type="TEARDOWN">
<kw name="Remove File" library="OperatingSystem">
<arg>${DATABASE FILE}</arg>
<doc>Removes a file with the given path.</doc>
<msg timestamp="20210323 14:49:57.063" level="INFO" html="true">Removed file '&lt;a href="file:///var/folders/gq/nlp0tvls2h11mbk47fq00vsr0000gn/T/robotframework-quickstart-db.txt"&gt;/var/folders/gq/nlp0tvls2h11mbk47fq00vsr0000gn/T/robotframework-quickstart-db.txt&lt;/a&gt;'.</msg>
<status status="PASS" starttime="20210323 14:49:57.063" endtime="20210323 14:49:57.063"/>
</kw>
<status status="PASS" starttime="20210323 14:49:57.062" endtime="20210323 14:49:57.063"/>
</kw>
<tag>example</tag>
<tag>quickstart</tag>
<tag>smoke</tag>
<status status="PASS" starttime="20210323 14:49:56.978" endtime="20210323 14:49:57.063"/>
</test>
<test id="s1-t3" name="User can change password">
<kw name="Given a user has a valid account">
<kw name="Create valid user">
<arg>${USERNAME}</arg>
<arg>${PASSWORD}</arg>
<kw name="Create User" library="LoginLibrary">
<arg>${username}</arg>
<arg>${password}</arg>
<status status="PASS" starttime="20210323 14:49:57.064" endtime="20210323 14:49:57.107"/>
</kw>
<kw name="Status Should Be" library="LoginLibrary">
<arg>SUCCESS</arg>
<status status="PASS" starttime="20210323 14:49:57.108" endtime="20210323 14:49:57.108"/>
</kw>
<status status="PASS" starttime="20210323 14:49:57.064" endtime="20210323 14:49:57.108"/>
</kw>
<status status="PASS" starttime="20210323 14:49:57.064" endtime="20210323 14:49:57.108"/>
</kw>
<kw name="When she changes her password">
<kw name="Change Password" library="LoginLibrary">
<arg>${USERNAME}</arg>
<arg>${PASSWORD}</arg>
<arg>${NEW PASSWORD}</arg>
<status status="PASS" starttime="20210323 14:49:57.109" endtime="20210323 14:49:57.151"/>
</kw>
<kw name="Status Should Be" library="LoginLibrary">
<arg>SUCCESS</arg>
<status status="PASS" starttime="20210323 14:49:57.151" endtime="20210323 14:49:57.151"/>
</kw>
<status status="PASS" starttime="20210323 14:49:57.108" endtime="20210323 14:49:57.152"/>
</kw>
<kw name="Then she can log in with the new password">
<kw name="Login">
<arg>${USERNAME}</arg>
<arg>${NEW PASSWORD}</arg>
<kw name="Attempt To Login With Credentials" library="LoginLibrary">
<arg>${username}</arg>
<arg>${password}</arg>
<status status="PASS" starttime="20210323 14:49:57.152" endtime="20210323 14:49:57.193"/>
</kw>
<kw name="Status Should Be" library="LoginLibrary">
<arg>Logged In</arg>
<status status="PASS" starttime="20210323 14:49:57.193" endtime="20210323 14:49:57.194"/>
</kw>
<status status="PASS" starttime="20210323 14:49:57.152" endtime="20210323 14:49:57.194"/>
</kw>
<status status="PASS" starttime="20210323 14:49:57.152" endtime="20210323 14:49:57.194"/>
</kw>
<kw name="And she cannot use the old password anymore">
<kw name="Attempt To Login With Credentials" library="LoginLibrary">
<arg>${USERNAME}</arg>
<arg>${PASSWORD}</arg>
<status status="PASS" starttime="20210323 14:49:57.194" endtime="20210323 14:49:57.233"/>
</kw>
<kw name="Status Should Be" library="LoginLibrary">
<arg>Access Denied</arg>
<status status="PASS" starttime="20210323 14:49:57.234" endtime="20210323 14:49:57.234"/>
</kw>
<status status="PASS" starttime="20210323 14:49:57.194" endtime="20210323 14:49:57.234"/>
</kw>
<kw name="Clear login database" type="TEARDOWN">
<kw name="Remove File" library="OperatingSystem">
<arg>${DATABASE FILE}</arg>
<doc>Removes a file with the given path.</doc>
<msg timestamp="20210323 14:49:57.235" level="INFO" html="true">Removed file '&lt;a href="file:///var/folders/gq/nlp0tvls2h11mbk47fq00vsr0000gn/T/robotframework-quickstart-db.txt"&gt;/var/folders/gq/nlp0tvls2h11mbk47fq00vsr0000gn/T/robotframework-quickstart-db.txt&lt;/a&gt;'.</msg>
<status status="PASS" starttime="20210323 14:49:57.234" endtime="20210323 14:49:57.235"/>
</kw>
<status status="PASS" starttime="20210323 14:49:57.234" endtime="20210323 14:49:57.235"/>
</kw>
<tag>example</tag>
<tag>quickstart</tag>
<tag>smoke</tag>
<status status="PASS" starttime="20210323 14:49:57.063" endtime="20210323 14:49:57.235"/>
</test>
<test id="s1-t4" name="Invalid password">
<kw name="Creating user with invalid password should fail">
<arg>abCD5</arg>
<arg>${PWD INVALID LENGTH}</arg>
<kw name="Create User" library="LoginLibrary">
<arg>example</arg>
<arg>${password}</arg>
<status status="PASS" starttime="20210323 14:49:57.236" endtime="20210323 14:49:57.278"/>
</kw>
<kw name="Status Should Be" library="LoginLibrary">
<arg>Creating user failed: ${error}</arg>
<status status="PASS" starttime="20210323 14:49:57.279" endtime="20210323 14:49:57.279"/>
</kw>
<status status="PASS" starttime="20210323 14:49:57.235" endtime="20210323 14:49:57.279"/>
</kw>
<kw name="Creating user with invalid password should fail">
<arg>abCD567890123</arg>
<arg>${PWD INVALID LENGTH}</arg>
<kw name="Create User" library="LoginLibrary">
<arg>example</arg>
<arg>${password}</arg>
<status status="PASS" starttime="20210323 14:49:57.280" endtime="20210323 14:49:57.319"/>
</kw>
<kw name="Status Should Be" library="LoginLibrary">
<arg>Creating user failed: ${error}</arg>
<status status="PASS" starttime="20210323 14:49:57.320" endtime="20210323 14:49:57.320"/>
</kw>
<status status="PASS" starttime="20210323 14:49:57.279" endtime="20210323 14:49:57.320"/>
</kw>
<kw name="Creating user with invalid password should fail">
<arg>123DEFG</arg>
<arg>${PWD INVALID CONTENT}</arg>
<kw name="Create User" library="LoginLibrary">
<arg>example</arg>
<arg>${password}</arg>
<status status="PASS" starttime="20210323 14:49:57.321" endtime="20210323 14:49:57.360"/>
</kw>
<kw name="Status Should Be" library="LoginLibrary">
<arg>Creating user failed: ${error}</arg>
<status status="PASS" starttime="20210323 14:49:57.361" endtime="20210323 14:49:57.361"/>
</kw>
<status status="PASS" starttime="20210323 14:49:57.320" endtime="20210323 14:49:57.361"/>
</kw>
<kw name="Creating user with invalid password should fail">
<arg>abcd56789</arg>
<arg>${PWD INVALID CONTENT}</arg>
<kw name="Create User" library="LoginLibrary">
<arg>example</arg>
<arg>${password}</arg>
<status status="PASS" starttime="20210323 14:49:57.362" endtime="20210323 14:49:57.401"/>
</kw>
<kw name="Status Should Be" library="LoginLibrary">
<arg>Creating user failed: ${error}</arg>
<status status="PASS" starttime="20210323 14:49:57.401" endtime="20210323 14:49:57.402"/>
</kw>
<status status="PASS" starttime="20210323 14:49:57.361" endtime="20210323 14:49:57.402"/>
</kw>
<kw name="Creating user with invalid password should fail">
<arg>AbCdEfGh</arg>
<arg>${PWD INVALID CONTENT}</arg>
<kw name="Create User" library="LoginLibrary">
<arg>example</arg>
<arg>${password}</arg>
<status status="PASS" starttime="20210323 14:49:57.402" endtime="20210323 14:49:57.443"/>
</kw>
<kw name="Status Should Be" library="LoginLibrary">
<arg>Creating user failed: ${error}</arg>
<status status="PASS" starttime="20210323 14:49:57.443" endtime="20210323 14:49:57.443"/>
</kw>
<status status="PASS" starttime="20210323 14:49:57.402" endtime="20210323 14:49:57.443"/>
</kw>
<kw name="Creating user with invalid password should fail">
<arg>abCD56+</arg>
<arg>${PWD INVALID CONTENT}</arg>
<kw name="Create User" library="LoginLibrary">
<arg>example</arg>
<arg>${password}</arg>
<status status="PASS" starttime="20210323 14:49:57.444" endtime="20210323 14:49:57.484"/>
</kw>
<kw name="Status Should Be" library="LoginLibrary">
<arg>Creating user failed: ${error}</arg>
<status status="PASS" starttime="20210323 14:49:57.484" endtime="20210323 14:49:57.484"/>
</kw>
<status status="PASS" starttime="20210323 14:49:57.444" endtime="20210323 14:49:57.484"/>
</kw>
<kw name="Clear login database" type="TEARDOWN">
<kw name="Remove File" library="OperatingSystem">
<arg>${DATABASE FILE}</arg>
<doc>Removes a file with the given path.</doc>
<msg timestamp="20210323 14:49:57.485" level="INFO" html="true">Removed file '&lt;a href="file:///var/folders/gq/nlp0tvls2h11mbk47fq00vsr0000gn/T/robotframework-quickstart-db.txt"&gt;/var/folders/gq/nlp0tvls2h11mbk47fq00vsr0000gn/T/robotframework-quickstart-db.txt&lt;/a&gt;'.</msg>
<status status="PASS" starttime="20210323 14:49:57.485" endtime="20210323 14:49:57.485"/>
</kw>
<status status="PASS" starttime="20210323 14:49:57.485" endtime="20210323 14:49:57.486"/>
</kw>
<tag>example</tag>
<tag>quickstart</tag>
<tag>smoke</tag>
<status status="PASS" starttime="20210323 14:49:57.235" endtime="20210323 14:49:57.486"/>
</test>
<test id="s1-t5" name="User status is stored in database">
<kw name="Create valid user">
<arg>${USERNAME}</arg>
<arg>${PASSWORD}</arg>
<kw name="Create User" library="LoginLibrary">
<arg>${username}</arg>
<arg>${password}</arg>
<status status="PASS" starttime="20210323 14:49:57.486" endtime="20210323 14:49:57.528"/>
</kw>
<kw name="Status Should Be" library="LoginLibrary">
<arg>SUCCESS</arg>
<status status="PASS" starttime="20210323 14:49:57.528" endtime="20210323 14:49:57.528"/>
</kw>
<status status="PASS" starttime="20210323 14:49:57.486" endtime="20210323 14:49:57.529"/>
</kw>
<kw name="Database Should Contain">
<arg>${USERNAME}</arg>
<arg>${PASSWORD}</arg>
<arg>Inactive</arg>
<kw name="Get File" library="OperatingSystem">
<var>${database}</var>
<arg>${DATABASE FILE}</arg>
<doc>Returns the contents of a specified file.</doc>
<msg timestamp="20210323 14:49:57.529" level="INFO" html="true">Getting file '&lt;a href="file:///var/folders/gq/nlp0tvls2h11mbk47fq00vsr0000gn/T/robotframework-quickstart-db.txt"&gt;/var/folders/gq/nlp0tvls2h11mbk47fq00vsr0000gn/T/robotframework-quickstart-db.txt&lt;/a&gt;'.</msg>
<msg timestamp="20210323 14:49:57.529" level="INFO">${database} = janedoe	J4n3D0e	Inactive
</msg>
<status status="PASS" starttime="20210323 14:49:57.529" endtime="20210323 14:49:57.529"/>
</kw>
<kw name="Should Contain" library="BuiltIn">
<arg>${database}</arg>
<arg>${username}\t${password}\t${status}\n</arg>
<doc>Fails if ``container`` does not contain ``item`` one or more times.</doc>
<status status="PASS" starttime="20210323 14:49:57.530" endtime="20210323 14:49:57.530"/>
</kw>
<status status="PASS" starttime="20210323 14:49:57.529" endtime="20210323 14:49:57.530"/>
</kw>
<kw name="Login">
<arg>${USERNAME}</arg>
<arg>${PASSWORD}</arg>
<kw name="Attempt To Login With Credentials" library="LoginLibrary">
<arg>${username}</arg>
<arg>${password}</arg>
<status status="PASS" starttime="20210323 14:49:57.530" endtime="20210323 14:49:57.571"/>
</kw>
<kw name="Status Should Be" library="LoginLibrary">
<arg>Logged In</arg>
<status status="PASS" starttime="20210323 14:49:57.572" endtime="20210323 14:49:57.572"/>
</kw>
<status status="PASS" starttime="20210323 14:49:57.530" endtime="20210323 14:49:57.572"/>
</kw>
<kw name="Database Should Contain">
<arg>${USERNAME}</arg>
<arg>${PASSWORD}</arg>
<arg>Active</arg>
<kw name="Get File" library="OperatingSystem">
<var>${database}</var>
<arg>${DATABASE FILE}</arg>
<doc>Returns the contents of a specified file.</doc>
<msg timestamp="20210323 14:49:57.573" level="INFO" html="true">Getting file '&lt;a href="file:///var/folders/gq/nlp0tvls2h11mbk47fq00vsr0000gn/T/robotframework-quickstart-db.txt"&gt;/var/folders/gq/nlp0tvls2h11mbk47fq00vsr0000gn/T/robotframework-quickstart-db.txt&lt;/a&gt;'.</msg>
<msg timestamp="20210323 14:49:57.573" level="INFO">${database} = janedoe	J4n3D0e	Active
</msg>
<status status="PASS" starttime="20210323 14:49:57.573" endtime="20210323 14:49:57.573"/>
</kw>
<kw name="Should Contain" library="BuiltIn">
<arg>${database}</arg>
<arg>${username}\t${password}\t${status}\n</arg>
<doc>Fails if ``container`` does not contain ``item`` one or more times.</doc>
<status status="PASS" starttime="20210323 14:49:57.573" endtime="20210323 14:49:57.573"/>
</kw>
<status status="PASS" starttime="20210323 14:49:57.572" endtime="20210323 14:49:57.573"/>
</kw>
<kw name="Clear login database" type="TEARDOWN">
<kw name="Remove File" library="OperatingSystem">
<arg>${DATABASE FILE}</arg>
<doc>Removes a file with the given path.</doc>
<msg timestamp="20210323 14:49:57.574" level="INFO" html="true">Removed file '&lt;a href="file:///var/folders/gq/nlp0tvls2h11mbk47fq00vsr0000gn/T/robotframework-quickstart-db.txt"&gt;/var/folders/gq/nlp0tvls2h11mbk47fq00vsr0000gn/T/robotframework-quickstart-db.txt&lt;/a&gt;'.</msg>
<status status="PASS" starttime="20210323 14:49:57.574" endtime="20210323 14:49:57.574"/>
</kw>
<status status="PASS" starttime="20210323 14:49:57.573" endtime="20210323 14:49:57.574"/>
</kw>
<tag>database</tag>
<tag>quickstart</tag>
<tag>variables</tag>
<status status="PASS" starttime="20210323 14:49:57.486" endtime="20210323 14:49:57.574"/>
</test>
<status status="PASS" starttime="20210323 14:49:56.872" endtime="20210323 14:49:57.575"/>
</suite>
<statistics>
<total>
<stat pass="5" fail="0" skip="0">All Tests</stat>
</total>
<tag>
<stat pass="1" fail="0" skip="0">database</stat>
<stat pass="4" fail="0" skip="0">example</stat>
<stat pass="5" fail="0" skip="0">quickstart</stat>
<stat pass="4" fail="0" skip="0">smoke</stat>
<stat pass="1" fail="0" skip="0">variables</stat>
</tag>
<suite>
<stat pass="5" fail="0" skip="0" id="s1" name="QuickStart">QuickStart</stat>
</suite>
</statistics>
<errors>
</errors>
</robot>
